<?xml version="1.0" encoding="UTF-8"?>
<robot generator="Robot 7.2 (Python 3.13.1 on win32)" generated="2025-01-23T19:32:59.671632" rpa="false" schemaversion="5">
<suite id="s1" name="Aula2" source="C:\000SAMNS\Robot_Framework\Robot_Web\aula2.robot">
<test id="s1-t1" name="Logar com user e password corretos" line="10">
<kw name="Open Browser" owner="SeleniumLibrary">
<msg time="2025-01-23T19:33:00.012695" level="INFO">Opening browser 'chrome' to base url 'https://opensource-demo.orangehrmlive.com/web/index.php/auth/login'.</msg>
<arg>https://opensource-demo.orangehrmlive.com/web/index.php/auth/login</arg>
<arg>chrome</arg>
<doc>Opens a new browser instance to the optional ``url``.</doc>
<status status="PASS" start="2025-01-23T19:33:00.012404" elapsed="5.032115"/>
</kw>
<kw name="Sleep" owner="BuiltIn">
<msg time="2025-01-23T19:33:10.045750" level="INFO">Slept 5 seconds.</msg>
<arg>5</arg>
<doc>Pauses the test executed for the given time.</doc>
<status status="PASS" start="2025-01-23T19:33:05.045165" elapsed="5.000696"/>
</kw>
<kw name="Input Text" owner="SeleniumLibrary">
<msg time="2025-01-23T19:33:10.046723" level="INFO">Typing text 'Admin' into text field 'xpath://input[@name="username"]'.</msg>
<arg>xpath://input[@name="username"]</arg>
<arg>Admin</arg>
<doc>Types the given ``text`` into the text field identified by ``locator``.</doc>
<status status="PASS" start="2025-01-23T19:33:10.046390" elapsed="0.060171"/>
</kw>
<kw name="Input Text" owner="SeleniumLibrary">
<msg time="2025-01-23T19:33:10.107341" level="INFO">Typing text 'admin123' into text field 'xpath://input[@name="password"]'.</msg>
<arg>xpath://input[@name="password"]</arg>
<arg>admin123</arg>
<doc>Types the given ``text`` into the text field identified by ``locator``.</doc>
<status status="PASS" start="2025-01-23T19:33:10.107137" elapsed="0.058839"/>
</kw>
<status status="PASS" start="2025-01-23T19:33:00.011340" elapsed="10.154992"/>
</test>
<test id="s1-t2" name="Verificar que não estou logado" line="24">
<kw name="Page Should Not Contain Element" owner="SeleniumLibrary">
<msg time="2025-01-23T19:33:10.176051" level="INFO">Current page does not contain element 'xpath://img[@src="/web/images/orangehrm-logo.png?v=1721393199309"]'.</msg>
<arg>xpath://img[@src="/web/images/orangehrm-logo.png?v=1721393199309"]</arg>
<doc>Verifies that element ``locator`` is not found on the current page.</doc>
<status status="PASS" start="2025-01-23T19:33:10.167510" elapsed="0.008629"/>
</kw>
<kw name="Click Element" owner="SeleniumLibrary">
<msg time="2025-01-23T19:33:10.176637" level="INFO">Clicking element 'xpath://button[text()=" Login "]'.</msg>
<arg>xpath://button[text()=" Login "]</arg>
<doc>Click the element identified by ``locator``.</doc>
<status status="PASS" start="2025-01-23T19:33:10.176472" elapsed="0.052140"/>
</kw>
<kw name="Sleep" owner="BuiltIn">
<msg time="2025-01-23T19:33:12.230063" level="INFO">Slept 2 seconds.</msg>
<arg>2</arg>
<doc>Pauses the test executed for the given time.</doc>
<status status="PASS" start="2025-01-23T19:33:10.228979" elapsed="2.001229"/>
</kw>
<status status="PASS" start="2025-01-23T19:33:10.167090" elapsed="2.063528"/>
</test>
<test id="s1-t3" name="Verificar que estou logado" line="47">
<kw name="Page Should Contain Image" owner="SeleniumLibrary">
<msg time="2025-01-23T19:33:12.244909" level="INFO">Current page contains image '//img[@src="/web/images/orangehrm-logo.png?v=1721393199309"]'.</msg>
<arg>//img[@src="/web/images/orangehrm-logo.png?v=1721393199309"]</arg>
<doc>Verifies image identified by ``locator`` is found from current page.</doc>
<status status="PASS" start="2025-01-23T19:33:12.231956" elapsed="0.013045"/>
</kw>
<status status="PASS" start="2025-01-23T19:33:12.231508" elapsed="0.013767"/>
</test>
<status status="PASS" start="2025-01-23T19:32:59.678548" elapsed="12.567635"/>
</suite>
<statistics>
<total>
<stat pass="3" fail="0" skip="0">All Tests</stat>
</total>
<tag>
</tag>
<suite>
<stat name="Aula2" id="s1" pass="3" fail="0" skip="0">Aula2</stat>
</suite>
</statistics>
<errors>
</errors>
</robot>
