<?xml version="1.0" encoding="UTF-8"?>
<robot generator="Robot 7.2 (Python 3.13.1 on win32)" generated="2025-02-06T10:54:42.463842" rpa="false" schemaversion="5">
<suite id="s1" name="ex1 AutoTestes" source="C:\000SAMNS\Robot_Framework\Robot_Web\ex1_AutoTestes.robot">
<test id="s1-t1" name="Preencher o formulario testautomationpractice" line="65">
<kw name="Open Browser" owner="SeleniumLibrary">
<msg time="2025-02-06T10:54:42.782210" level="INFO">Opening browser 'chrome' to base url 'https://testautomationpractice.blogspot.com/'.</msg>
<arg>https://testautomationpractice.blogspot.com/</arg>
<arg>chrome</arg>
<doc>Opens a new browser instance to the optional ``url``.</doc>
<status status="PASS" start="2025-02-06T10:54:42.782047" elapsed="4.948207"/>
</kw>
<kw name="Sleep" owner="BuiltIn">
<msg time="2025-02-06T10:54:50.731923" level="INFO">Slept 3 seconds.</msg>
<arg>3</arg>
<doc>Pauses the test executed for the given time.</doc>
<status status="PASS" start="2025-02-06T10:54:47.730794" elapsed="3.001243"/>
</kw>
<tag>testautomationpractice</tag>
<status status="PASS" start="2025-02-06T10:54:42.781220" elapsed="7.951132"/>
</test>
<test id="s1-t2" name="Preencher Campo nome, email e telefone" line="71">
<kw name="Wait Until Element Is Enabled" owner="SeleniumLibrary">
<arg>xpath://input[@id="name"]</arg>
<doc>Waits until the element ``locator`` is enabled.</doc>
<status status="PASS" start="2025-02-06T10:54:50.733276" elapsed="0.023470"/>
</kw>
<kw name="Input Text" owner="SeleniumLibrary">
<msg time="2025-02-06T10:54:50.757530" level="INFO">Typing text 'Samuel' into text field 'xpath://input[@id="name"]'.</msg>
<arg>xpath://input[@id="name"]</arg>
<arg>${Cadastro.nome}</arg>
<doc>Types the given ``text`` into the text field identified by ``locator``.</doc>
<status status="PASS" start="2025-02-06T10:54:50.757040" elapsed="0.079108"/>
</kw>
<kw name="Input Text" owner="SeleniumLibrary">
<msg time="2025-02-06T10:54:50.837169" level="INFO">Typing text 'sam@gmail.com' into text field 'xpath://input[@id="email"]'.</msg>
<arg>xpath://input[@id="email"]</arg>
<arg>${Cadastro.email}</arg>
<doc>Types the given ``text`` into the text field identified by ``locator``.</doc>
<status status="PASS" start="2025-02-06T10:54:50.836623" elapsed="0.090854"/>
</kw>
<kw name="Input Text" owner="SeleniumLibrary">
<msg time="2025-02-06T10:54:50.928416" level="INFO">Typing text '931222333' into text field 'xpath://input[@id="phone"]'.</msg>
<arg>xpath://input[@id="phone"]</arg>
<arg>${Cadastro.telefone}</arg>
<doc>Types the given ``text`` into the text field identified by ``locator``.</doc>
<status status="PASS" start="2025-02-06T10:54:50.927808" elapsed="0.069714"/>
</kw>
<kw name="Input Text" owner="SeleniumLibrary">
<msg time="2025-02-06T10:54:50.998364" level="INFO">Typing text 'Rua da paz' into text field 'xpath://textarea[@id="textarea"]'.</msg>
<arg>xpath://textarea[@id="textarea"]</arg>
<arg>${Cadastro.address}</arg>
<doc>Types the given ``text`` into the text field identified by ``locator``.</doc>
<status status="PASS" start="2025-02-06T10:54:50.997854" elapsed="0.066143"/>
</kw>
<tag>testautomationpractice</tag>
<status status="PASS" start="2025-02-06T10:54:50.732936" elapsed="0.331400"/>
</test>
<test id="s1-t3" name=" Preencher Radio buton gender" line="81">
<kw name="Select Radio Button" owner="SeleniumLibrary">
<msg time="2025-02-06T10:54:51.065327" level="INFO">Selecting 'male' from radio button 'gender'.</msg>
<arg>gender</arg>
<arg>${gender}[0]</arg>
<doc>Sets the radio button group ``group_name`` to ``value``.</doc>
<status status="PASS" start="2025-02-06T10:54:51.065147" elapsed="0.075159"/>
</kw>
<kw name="Radio Button Should Be Set To" owner="SeleniumLibrary">
<msg time="2025-02-06T10:54:51.140775" level="INFO">Verifying radio button 'gender' has selection 'male'.</msg>
<arg>gender</arg>
<arg>male</arg>
<doc>Verifies radio button group ``group_name`` is set to ``value``.</doc>
<status status="PASS" start="2025-02-06T10:54:51.140620" elapsed="0.020397"/>
</kw>
<tag>testautomationpractice</tag>
<status status="PASS" start="2025-02-06T10:54:51.064834" elapsed="0.096438"/>
</test>
<test id="s1-t4" name="Escolher 3 opções do campo &quot;Days&quot;" line="87">
<kw name="Select Checkbox" owner="SeleniumLibrary">
<msg time="2025-02-06T10:54:51.162690" level="INFO">Selecting checkbox '//input[@id="sunday"]'.</msg>
<arg>//input[@id="${dias_da_semana}[1]"]</arg>
<doc>Selects the checkbox identified by ``locator``.</doc>
<status status="PASS" start="2025-02-06T10:54:51.162345" elapsed="0.085148"/>
</kw>
<kw name="Select Checkbox" owner="SeleniumLibrary">
<msg time="2025-02-06T10:54:51.248130" level="INFO">Selecting checkbox '//input[@id="tuesday"]'.</msg>
<arg>//input[@id="${dias_da_semana}[3]"]</arg>
<doc>Selects the checkbox identified by ``locator``.</doc>
<status status="PASS" start="2025-02-06T10:54:51.247829" elapsed="0.071602"/>
</kw>
<kw name="Select Checkbox" owner="SeleniumLibrary">
<msg time="2025-02-06T10:54:51.320220" level="INFO">Selecting checkbox '//input[@id="thursday"]'.</msg>
<arg>//input[@id="${dias_da_semana}[5]"]</arg>
<doc>Selects the checkbox identified by ``locator``.</doc>
<status status="PASS" start="2025-02-06T10:54:51.319932" elapsed="0.061853"/>
</kw>
<kw name="Checkbox Should Be Selected" owner="SeleniumLibrary">
<msg time="2025-02-06T10:54:51.382324" level="INFO">Verifying checkbox 'xpath://input[@id="sunday"]' is selected.</msg>
<arg>xpath://input[@id="sunday"]</arg>
<doc>Verifies checkbox ``locator`` is selected/checked.</doc>
<status status="PASS" start="2025-02-06T10:54:51.382110" elapsed="0.018843"/>
</kw>
<kw name="Checkbox Should Be Selected" owner="SeleniumLibrary">
<msg time="2025-02-06T10:54:51.401533" level="INFO">Verifying checkbox 'xpath://input[@id="tuesday"]' is selected.</msg>
<arg>xpath://input[@id="tuesday"]</arg>
<doc>Verifies checkbox ``locator`` is selected/checked.</doc>
<status status="PASS" start="2025-02-06T10:54:51.401321" elapsed="0.018002"/>
</kw>
<kw name="Checkbox Should Be Selected" owner="SeleniumLibrary">
<msg time="2025-02-06T10:54:51.419788" level="INFO">Verifying checkbox 'xpath://input[@id="thursday"]' is selected.</msg>
<arg>xpath://input[@id="thursday"]</arg>
<doc>Verifies checkbox ``locator`` is selected/checked.</doc>
<status status="PASS" start="2025-02-06T10:54:51.419610" elapsed="0.016059"/>
</kw>
<tag>testautomationpractice</tag>
<status status="PASS" start="2025-02-06T10:54:51.161877" elapsed="0.274049"/>
</test>
<test id="s1-t5" name="Escolher uma opção do campo &quot;Country&quot;" line="98">
<kw name="Select From List By Index" owner="SeleniumLibrary">
<msg time="2025-02-06T10:54:51.437188" level="INFO">Selecting options from selection list 'xpath://select[@id="country"]' by index 0.</msg>
<arg>xpath://select[@id="country"]</arg>
<arg>0</arg>
<doc>Selects options from selection list ``locator`` by ``indexes``.</doc>
<status status="PASS" start="2025-02-06T10:54:51.436981" elapsed="0.039953"/>
</kw>
<kw name="Select From List By Label" owner="SeleniumLibrary">
<msg time="2025-02-06T10:54:51.477764" level="INFO">Selecting options from selection list 'xpath://select[@id="country"]' by label United Kingdom.</msg>
<arg>xpath://select[@id="country"]</arg>
<arg>United Kingdom</arg>
<doc>Selects options from selection list ``locator`` by ``labels``.</doc>
<status status="PASS" start="2025-02-06T10:54:51.477425" elapsed="0.047458"/>
</kw>
<kw name="Select From List By Value" owner="SeleniumLibrary">
<msg time="2025-02-06T10:54:51.525460" level="INFO">Selecting options from selection list 'xpath://select[@id="country"]' by value china.</msg>
<arg>xpath://select[@id="country"]</arg>
<arg>china</arg>
<doc>Selects options from selection list ``locator`` by ``values``.</doc>
<status status="PASS" start="2025-02-06T10:54:51.525196" elapsed="0.068522"/>
</kw>
<kw name="List Selection Should Be" owner="SeleniumLibrary">
<msg time="2025-02-06T10:54:51.594287" level="INFO">Verifying list 'xpath://select[@id="country"]' has option [ china ] selected.</msg>
<msg time="2025-02-06T10:54:51.602923" level="INFO">Current page contains list 'xpath://select[@id="country"]'.</msg>
<arg>xpath://select[@id="country"]</arg>
<arg>china</arg>
<doc>Verifies selection list ``locator`` has ``expected`` options selected.</doc>
<status status="PASS" start="2025-02-06T10:54:51.594061" elapsed="0.100643"/>
</kw>
<tag>testautomationpractice</tag>
<status status="PASS" start="2025-02-06T10:54:51.436597" elapsed="0.258374"/>
</test>
<test id="s1-t6" name="Escolher 2 opções do campo &quot;Colors&quot;" line="124">
<kw name="Select From List By Index" owner="SeleniumLibrary">
<msg time="2025-02-06T10:54:51.695891" level="INFO">Selecting options from selection list 'xpath://select[@id="colors"]' by index 0.</msg>
<arg>xpath://select[@id="colors"]</arg>
<arg>0</arg>
<doc>Selects options from selection list ``locator`` by ``indexes``.</doc>
<status status="PASS" start="2025-02-06T10:54:51.695732" elapsed="0.046237"/>
</kw>
<kw name="Select From List By Index" owner="SeleniumLibrary">
<msg time="2025-02-06T10:54:51.742451" level="INFO">Selecting options from selection list 'xpath://select[@id="colors"]' by index 2.</msg>
<arg>xpath://select[@id="colors"]</arg>
<arg>2</arg>
<doc>Selects options from selection list ``locator`` by ``indexes``.</doc>
<status status="PASS" start="2025-02-06T10:54:51.742269" elapsed="0.049852"/>
</kw>
<kw name="List Selection Should Be" owner="SeleniumLibrary">
<msg time="2025-02-06T10:54:51.792633" level="INFO">Verifying list 'xpath://select[@id="colors"]' has options [ Red | Green ] selected.</msg>
<msg time="2025-02-06T10:54:51.799276" level="INFO">Current page contains list 'xpath://select[@id="colors"]'.</msg>
<arg>xpath://select[@id="colors"]</arg>
<arg>Red</arg>
<arg>Green</arg>
<doc>Verifies selection list ``locator`` has ``expected`` options selected.</doc>
<status status="PASS" start="2025-02-06T10:54:51.792452" elapsed="0.068949"/>
</kw>
<tag>testautomationpractice</tag>
<status status="PASS" start="2025-02-06T10:54:51.695413" elapsed="0.166270"/>
</test>
<test id="s1-t7" name="Escolher 2 opções do campo &quot;Sorted List&quot;" line="145">
<kw name="Click Element" owner="SeleniumLibrary">
<msg time="2025-02-06T10:54:51.862602" level="INFO">Clicking element '//option[@value="cat"]'.</msg>
<arg>//option[@value="cat"]</arg>
<doc>Click the element identified by ``locator``.</doc>
<status status="PASS" start="2025-02-06T10:54:51.862450" elapsed="0.023439"/>
</kw>
<kw name="Select From List By Value" owner="SeleniumLibrary">
<msg time="2025-02-06T10:54:51.886411" level="INFO">Selecting options from selection list 'xpath://select[@id="animals"]' by value deer.</msg>
<arg>xpath://select[@id="animals"]</arg>
<arg>deer</arg>
<doc>Selects options from selection list ``locator`` by ``values``.</doc>
<status status="PASS" start="2025-02-06T10:54:51.886228" elapsed="0.047032"/>
</kw>
<kw name="Click Element" owner="SeleniumLibrary">
<msg time="2025-02-06T10:54:51.934080" level="INFO">Clicking element '//option[@value="dog"]'.</msg>
<arg>//option[@value="dog"]</arg>
<doc>Click the element identified by ``locator``.</doc>
<status status="PASS" start="2025-02-06T10:54:51.933734" elapsed="0.023751"/>
</kw>
<kw name="List Selection Should Be" owner="SeleniumLibrary">
<msg time="2025-02-06T10:54:51.958044" level="INFO">Verifying list 'xpath://select[@id="animals"]' has options [ cat | dog | deer ] selected.</msg>
<msg time="2025-02-06T10:54:51.964971" level="INFO">Current page contains list 'xpath://select[@id="animals"]'.</msg>
<arg>xpath://select[@id="animals"]</arg>
<arg>cat</arg>
<arg>dog</arg>
<arg>deer</arg>
<doc>Verifies selection list ``locator`` has ``expected`` options selected.</doc>
<status status="PASS" start="2025-02-06T10:54:51.957772" elapsed="0.088845"/>
</kw>
<tag>testautomationpractice</tag>
<status status="PASS" start="2025-02-06T10:54:51.862144" elapsed="0.184736"/>
</test>
<test id="s1-t8" name="Preencha o campo &quot;Date Picker 1:&quot;&quot;" line="154">
<kw name="Input Text" owner="SeleniumLibrary">
<msg time="2025-02-06T10:54:52.047786" level="INFO">Typing text '29/01/2025' into text field 'xpath://input[@id="datepicker"]'.</msg>
<arg>xpath://input[@id="datepicker"]</arg>
<arg>29/01/2025</arg>
<doc>Types the given ``text`` into the text field identified by ``locator``.</doc>
<status status="PASS" start="2025-02-06T10:54:52.047634" elapsed="0.093739"/>
</kw>
<kw name="Press Keys" owner="SeleniumLibrary">
<msg time="2025-02-06T10:54:52.142181" level="INFO">Sending key(s) ('ESCAPE',) to xpath://input[@id="datepicker"] element.</msg>
<msg time="2025-02-06T10:54:52.424826" level="INFO">Pressing special key ESCAPE to element.</msg>
<msg time="2025-02-06T10:54:52.424897" level="INFO">Releasing special key ESCAPE.</msg>
<arg>xpath://input[@id="datepicker"]</arg>
<arg>ESCAPE</arg>
<doc>Simulates the user pressing key(s) to an element or on the active browser.</doc>
<status status="PASS" start="2025-02-06T10:54:52.141770" elapsed="0.286658"/>
</kw>
<tag>testautomationpractice</tag>
<status status="PASS" start="2025-02-06T10:54:52.047345" elapsed="0.381394"/>
</test>
<test id="s1-t9" name="Preencher o campo &quot;Date Picker 2&quot;" line="160">
<kw name="Click Element" owner="SeleniumLibrary">
<msg time="2025-02-06T10:54:52.429793" level="INFO">Clicking element '//input[@id="txtDate"]'.</msg>
<arg>//input[@id="txtDate"]</arg>
<doc>Click the element identified by ``locator``.</doc>
<status status="PASS" start="2025-02-06T10:54:52.429628" elapsed="0.273978"/>
</kw>
<kw name="Select From List By Label" owner="SeleniumLibrary">
<msg time="2025-02-06T10:54:52.704341" level="INFO">Selecting options from selection list 'xpath://select[@aria-label="Select month"]' by label Mar.</msg>
<arg>xpath://select[@aria-label="Select month"]</arg>
<arg>Mar</arg>
<doc>Selects options from selection list ``locator`` by ``labels``.</doc>
<status status="PASS" start="2025-02-06T10:54:52.704101" elapsed="0.064051"/>
</kw>
<kw name="Select From List By Label" owner="SeleniumLibrary">
<msg time="2025-02-06T10:54:52.768822" level="INFO">Selecting options from selection list 'xpath://select[@aria-label="Select year"]' by label 2020.</msg>
<arg>xpath://select[@aria-label="Select year"]</arg>
<arg>2020</arg>
<doc>Selects options from selection list ``locator`` by ``labels``.</doc>
<status status="PASS" start="2025-02-06T10:54:52.768611" elapsed="0.058821"/>
</kw>
<kw name="Click Element" owner="SeleniumLibrary">
<msg time="2025-02-06T10:54:52.828038" level="INFO">Clicking element '//a[@data-date="15"]'.</msg>
<arg>//a[@data-date="15"]</arg>
<doc>Click the element identified by ``locator``.</doc>
<status status="PASS" start="2025-02-06T10:54:52.827773" elapsed="0.057105"/>
</kw>
<tag>testautomationpractice</tag>
<status status="PASS" start="2025-02-06T10:54:52.429310" elapsed="0.455879"/>
</test>
<test id="s1-t10" name="Preencha o campo &quot;Date Picker 3:&quot;" line="169">
<kw name="Input Text" owner="SeleniumLibrary">
<msg time="2025-02-06T10:54:52.889316" level="INFO">Typing text '12-01-2024' into text field '//input[@id="start-date"]'.</msg>
<arg>//input[@id="start-date"]</arg>
<arg>12-01-2024</arg>
<doc>Types the given ``text`` into the text field identified by ``locator``.</doc>
<status status="PASS" start="2025-02-06T10:54:52.889083" elapsed="0.056402"/>
</kw>
<kw name="Input Text" owner="SeleniumLibrary">
<msg time="2025-02-06T10:54:52.945997" level="INFO">Typing text '12-15-2024' into text field '//input[@id="end-date"]'.</msg>
<arg>//input[@id="end-date"]</arg>
<arg>12-15-2024</arg>
<doc>Types the given ``text`` into the text field identified by ``locator``.</doc>
<status status="PASS" start="2025-02-06T10:54:52.945814" elapsed="0.062954"/>
</kw>
<kw name="Click Button" owner="SeleniumLibrary">
<msg time="2025-02-06T10:54:53.009409" level="INFO">Clicking button '//button[@class="submit-btn"]'.</msg>
<arg>//button[@class="submit-btn"]</arg>
<doc>Clicks the button identified by ``locator``.</doc>
<status status="PASS" start="2025-02-06T10:54:53.009154" elapsed="0.068225"/>
</kw>
<kw name="Element Text Should Be" owner="SeleniumLibrary">
<msg time="2025-02-06T10:54:53.077968" level="INFO">Verifying element '//div[text()="You selected a range of 14 days."]' contains exact text 'You selected a range of 14 days.'.</msg>
<arg>//div[text()="You selected a range of 14 days."]</arg>
<arg>You selected a range of 14 days.</arg>
<doc>Verifies that element ``locator`` contains exact the text ``expected``.</doc>
<status status="PASS" start="2025-02-06T10:54:53.077785" elapsed="0.016909"/>
</kw>
<tag>testautomationpractice</tag>
<status status="PASS" start="2025-02-06T10:54:52.888596" elapsed="0.206362"/>
</test>
<test id="s1-t11" name="Realizar um upload de um arquivo." line="186">
<kw name="Choose File" owner="SeleniumLibrary">
<msg time="2025-02-06T10:54:53.095840" level="INFO">Sending C:\000SAMNS\Robot_Framework\TesteUploadPDF.pdf to browser.</msg>
<arg>//input[@id="singleFileInput"]</arg>
<arg>C:\\000SAMNS\\Robot_Framework\\TesteUploadPDF.pdf</arg>
<doc>Inputs the ``file_path`` into the file input field ``locator``.</doc>
<status status="PASS" start="2025-02-06T10:54:53.095672" elapsed="0.032178"/>
</kw>
<kw name="Choose File" owner="SeleniumLibrary">
<msg time="2025-02-06T10:54:53.128410" level="INFO">Sending C:\000SAMNS\Robot_Framework\Robot_Web\imagen.png to browser.</msg>
<arg>//input[@id="singleFileInput"]</arg>
<arg>${EXECDIR}\\imagen.png</arg>
<doc>Inputs the ``file_path`` into the file input field ``locator``.</doc>
<status status="PASS" start="2025-02-06T10:54:53.128186" elapsed="0.026521"/>
</kw>
<kw name="Sleep" owner="BuiltIn">
<msg time="2025-02-06T10:55:03.155789" level="INFO">Slept 10 seconds.</msg>
<arg>10</arg>
<doc>Pauses the test executed for the given time.</doc>
<status status="PASS" start="2025-02-06T10:54:53.155023" elapsed="10.001048"/>
</kw>
<tag>testautomationpractice</tag>
<status status="PASS" start="2025-02-06T10:54:53.095401" elapsed="10.061552"/>
</test>
<doc>Pontos a considerar na resolução do desafio
Apagar as linhas nos testes que tem escrito "No operation"
Documentação da biblioteca do Selenium: https://robotframework.org/SeleniumLibrary/SeleniumLibrary.html#Input%20Text"
Keywords que podems ser usadas: Input Text / Select Checkbox / Select From List By Index / Select From List By Label
                                Select From List By Value / Click Button / Click Element / Click Link / Choose File
                                Element Should Be Visible / Element Should Contain / Element Text Should Be</doc>
<status status="PASS" start="2025-02-06T10:54:42.470347" elapsed="20.689430"/>
</suite>
<statistics>
<total>
<stat pass="11" fail="0" skip="0">All Tests</stat>
</total>
<tag>
<stat pass="11" fail="0" skip="0">testautomationpractice</stat>
</tag>
<suite>
<stat name="ex1 AutoTestes" id="s1" pass="11" fail="0" skip="0">ex1 AutoTestes</stat>
</suite>
</statistics>
<errors>
</errors>
</robot>
